{
  "RSpec": {
    "coverage": {
      "/Users/RichiPriego/Development/workspace/COURSIFY/spec/support/factory_girl.rb": [
        1,
        1,
        null
      ],
      "/Users/RichiPriego/Development/workspace/COURSIFY/spec/support/features/session_helpers.rb": [
        1,
        1,
        1,
        0,
        0,
        0,
        0,
        null,
        null,
        1,
        1,
        1,
        1,
        1,
        1,
        null,
        null,
        null,
        null
      ],
      "/Users/RichiPriego/Development/workspace/COURSIFY/spec/features/subscribes_spec.rb": [
        null,
        1,
        null,
        1,
        1,
        1,
        1,
        1,
        1,
        1,
        1,
        1,
        1,
        1,
        1,
        1,
        1,
        1,
        1,
        null,
        null
      ],
      "/Users/RichiPriego/Development/workspace/COURSIFY/spec/rails_helper.rb": [
        null,
        1,
        1,
        1,
        1,
        null,
        null,
        null,
        null,
        null,
        null,
        null,
        null,
        null,
        null,
        null,
        null,
        null,
        null,
        null,
        null,
        null,
        null,
        null,
        1,
        null,
        1,
        null,
        1,
        null,
        null,
        null,
        null,
        1,
        null,
        null,
        null,
        null,
        null,
        null,
        null,
        null,
        null,
        null,
        null,
        null,
        null,
        null,
        1,
        null
      ],
      "/Users/RichiPriego/Development/workspace/COURSIFY/app/helpers/application_helper.rb": [
        1,
        null,
        1,
        1,
        null,
        0,
        null,
        1,
        null,
        null,
        null,
        1,
        1,
        0,
        null,
        1,
        null,
        null,
        null,
        1,
        1,
        0,
        null,
        1,
        null,
        null,
        null
      ],
      "/Users/RichiPriego/Development/workspace/COURSIFY/app/helpers/charges_helper.rb": [
        1,
        null
      ],
      "/Users/RichiPriego/Development/workspace/COURSIFY/app/helpers/courses_helper.rb": [
        1,
        1,
        null,
        null,
        0,
        0,
        0,
        0,
        null,
        0,
        null,
        null
      ],
      "/Users/RichiPriego/Development/workspace/COURSIFY/app/helpers/exercises_helper.rb": [
        1,
        null
      ],
      "/Users/RichiPriego/Development/workspace/COURSIFY/app/helpers/lessons_helper.rb": [
        1,
        1,
        null,
        null,
        0,
        0,
        0,
        0,
        null,
        0,
        null,
        null
      ],
      "/Users/RichiPriego/Development/workspace/COURSIFY/app/helpers/pages_helper.rb": [
        1,
        1,
        0,
        null,
        null,
        1,
        0,
        null,
        null,
        1,
        0,
        null,
        null,
        1,
        0,
        null,
        null
      ],
      "/Users/RichiPriego/Development/workspace/COURSIFY/app/helpers/quizzes_helper.rb": [
        1,
        null
      ],
      "/Users/RichiPriego/Development/workspace/COURSIFY/app/helpers/static_pages_helper.rb": [
        1,
        null
      ],
      "/Users/RichiPriego/Development/workspace/COURSIFY/app/helpers/users_helper.rb": [
        1,
        null
      ],
      "/Users/RichiPriego/Development/workspace/COURSIFY/spec/features/teacher_spec.rb": [
        1,
        null,
        1,
        1,
        1,
        1,
        1,
        1,
        1,
        1,
        1,
        1,
        1,
        1,
        1,
        1,
        1,
        1,
        1,
        1,
        1,
        1,
        1,
        1,
        1,
        1,
        1,
        1,
        1,
        1,
        null,
        null
      ],
      "/Users/RichiPriego/Development/workspace/COURSIFY/app/models/course.rb": [
        1,
        1,
        1,
        1,
        null,
        1,
        1,
        null,
        1,
        1,
        1,
        null,
        1,
        2,
        null,
        null
      ],
      "/Users/RichiPriego/Development/workspace/COURSIFY/app/models/lesson.rb": [
        1,
        1,
        1,
        1,
        1,
        1,
        null,
        null,
        null,
        null,
        1,
        null,
        null,
        null,
        null,
        null,
        null,
        null,
        null,
        null,
        null,
        null,
        null,
        null,
        null,
        null
      ],
      "/Users/RichiPriego/Development/workspace/COURSIFY/app/mailers/user_mailer.rb": [
        1,
        1,
        1,
        null,
        1,
        2,
        2,
        null,
        null,
        null
      ],
      "/Users/RichiPriego/Development/workspace/COURSIFY/app/controllers/application_controller.rb": [
        1,
        null,
        null,
        1,
        null,
        1,
        0,
        0,
        null,
        0,
        null,
        null,
        null
      ],
      "/Users/RichiPriego/Development/workspace/COURSIFY/app/controllers/pages_controller.rb": [
        1,
        1,
        2,
        2,
        null,
        2,
        2,
        null,
        null
      ],
      "/Users/RichiPriego/Development/workspace/COURSIFY/app/controllers/users_controller.rb": [
        1,
        1,
        1,
        null,
        null,
        1,
        0,
        0,
        0,
        null,
        0,
        0,
        0,
        null,
        0,
        null,
        null,
        1,
        5,
        5,
        5,
        5,
        5,
        5,
        2,
        2,
        2,
        2,
        null,
        null,
        null,
        null,
        null,
        null,
        null,
        null,
        null,
        null,
        null,
        null,
        null
      ],
      "/Users/RichiPriego/Development/workspace/COURSIFY/app/models/subscribe.rb": [
        1,
        1,
        1,
        null
      ],
      "/Users/RichiPriego/Development/workspace/COURSIFY/app/controllers/courses_controller.rb": [
        1,
        1,
        1,
        null,
        1,
        3,
        3,
        null,
        null,
        1,
        1,
        null,
        null,
        1,
        1,
        null,
        null,
        1,
        0,
        null,
        0,
        0,
        0,
        null,
        0,
        0,
        null,
        null,
        null,
        1,
        1,
        null,
        null,
        1,
        1,
        null,
        1,
        1,
        1,
        null,
        0,
        null,
        null,
        null,
        1,
        1,
        1,
        1,
        null,
        null,
        1,
        null,
        1,
        1,
        null,
        null,
        null,
        null
      ],
      "/Users/RichiPriego/Development/workspace/COURSIFY/app/models/ability.rb": [
        1,
        1,
        null,
        1,
        11,
        0,
        0,
        0,
        0,
        11,
        8,
        8,
        8,
        8,
        3,
        3,
        3,
        3,
        3,
        null,
        null,
        null,
        null,
        null,
        null,
        null,
        null,
        null,
        null,
        null,
        null,
        null,
        null,
        null,
        null,
        null,
        null,
        null,
        null,
        null,
        null,
        null,
        null,
        null,
        null,
        null,
        null,
        null
      ],
      "/Users/RichiPriego/Development/workspace/COURSIFY/app/models/exercise.rb": [
        1,
        1,
        1,
        null
      ],
      "/Users/RichiPriego/Development/workspace/COURSIFY/app/controllers/subscribes_controller.rb": [
        1,
        1,
        null,
        1,
        1,
        1,
        1,
        null,
        null,
        null,
        1,
        0,
        0,
        0,
        0,
        null,
        null,
        null
      ],
      "/Users/RichiPriego/Development/workspace/COURSIFY/app/models/complete.rb": [
        1,
        1,
        1,
        null
      ],
      "/Users/RichiPriego/Development/workspace/COURSIFY/app/controllers/lessons_controller.rb": [
        1,
        1,
        1,
        1,
        null,
        null,
        1,
        1,
        1,
        1,
        1,
        1,
        null,
        null,
        null,
        null,
        1,
        0,
        null,
        null,
        1,
        0,
        0,
        null,
        0,
        0,
        null,
        0,
        0,
        null,
        0,
        0,
        null,
        null,
        null,
        null,
        1,
        0,
        null,
        null,
        1,
        0,
        0,
        0,
        0,
        0,
        0,
        null,
        0,
        0,
        null,
        null,
        null,
        1,
        0,
        0,
        0,
        null,
        null,
        1,
        null,
        0,
        0,
        0,
        0,
        null,
        null,
        0,
        null,
        null,
        null,
        null,
        0,
        null,
        null,
        1,
        null,
        0,
        0,
        0,
        0,
        null,
        null,
        0,
        null,
        null,
        null,
        0,
        null,
        null,
        null,
        1,
        null,
        1,
        1,
        null,
        null,
        1,
        0,
        null,
        null,
        null
      ],
      "/Users/RichiPriego/Development/workspace/COURSIFY/app/controllers/quizzes_controller.rb": [
        1,
        1,
        null,
        1,
        0,
        0,
        0,
        null,
        0,
        0,
        0,
        null,
        null,
        null,
        1,
        0,
        0,
        0,
        0,
        0,
        null,
        0,
        null,
        0,
        null,
        null,
        1,
        1,
        1,
        1,
        null,
        null,
        1,
        0,
        0,
        0,
        0,
        0,
        null,
        null,
        null,
        1,
        null,
        1,
        0,
        null,
        null,
        null,
        null
      ],
      "/Users/RichiPriego/Development/workspace/COURSIFY/app/models/quiz.rb": [
        1,
        1,
        1,
        null,
        1,
        null
      ],
      "/Users/RichiPriego/Development/workspace/COURSIFY/app/controllers/static_pages_controller.rb": [
        1,
        1,
        null,
        null,
        1,
        null,
        null
      ]
    },
    "timestamp": 1430937251
  }
}
